<?xml version="1.0" encoding="UTF-8"?>
<!-- Generated by org.testng.reporters.JUnitXMLReporter -->
<testsuite hostname="SATTVA" name="Surefire test" tests="3" failures="0" timestamp="18 Jun 2016 17:00:56 GMT" time="0.025" errors="0">
  <testcase name="anotherTest" time="0.008" classname="tests.TestDir.SomeTest"/>
  <testcase name="test1" time="0.0" classname="tests.TestDir.SomeTest"/>
  <testcase name="test2" time="0.0" classname="tests.TestDir.SomeTest"/>
</testsuite> <!-- Surefire test -->
